#
# A fatal error has been detected by the Java Runtime Environment:
#
#  SIGSEGV (0xb) at pc=0x00000001035b2594, pid=6252, tid=0x0000000000004203
#
# JRE version: Java(TM) SE Runtime Environment (8.0_101-b13) (build 1.8.0_101-b13)
# Java VM: Java HotSpot(TM) 64-Bit Server VM (25.101-b13 mixed mode bsd-amd64 compressed oops)
# Problematic frame:
# V  [libjvm.dylib+0x44c594]
#
# Failed to write core dump. Core dumps have been disabled. To enable core dumping, try "ulimit -c unlimited" before starting Java again
#
# If you would like to submit a bug report, please visit:
#   http://bugreport.java.com/bugreport/crash.jsp
#

---------------  T H R E A D  ---------------

Current thread (0x00007fed40843000):  JavaThread "JDWP Transport Listener: dt_socket" daemon [_thread_in_vm, id=16899, stack(0x0000700007835000,0x0000700007935000)]

siginfo: si_signo: 11 (SIGSEGV), si_code: 0 (unknown), si_addr: 0x0000000000000000

Registers:
RAX=0x0000000000000001, RBX=0x0000700007934a8b, RCX=0x0000000103985360, RDX=0x0000700007934a8b
RSP=0x00007000079349d0, RBP=0x00007000079349e0, RSI=0x00007fed40843000, RDI=0x000707fed3ee3663
R8 =0x0000000000000001, R9 =0x0000000000000000, R10=0x0000000000000001, R11=0x0000000000000002
R12=0x00007fed40843000, R13=0x000707fed3ee3663, R14=0x000707fed3ee3663, R15=0x00007fed3ed0f9a0
RIP=0x00000001035b2594, EFLAGS=0x0000000000010206, ERR=0x0000000000000000
  TRAPNO=0x000000000000000d

Top of Stack: (sp=0x00007000079349d0)
0x00007000079349d0:   0000700007934a8b 0000700007934a8b
0x00007000079349e0:   0000700007934a40 00000001034be0d2
0x00007000079349f0:   00007fed40843000 0000000000000000
0x0000700007934a00:   0000000000000000 0000000000000000
0x0000700007934a10:   00007fed40843000 00007fed40843000
0x0000700007934a20:   0000700007934a8b 0000700007934a90
0x0000700007934a30:   000707fed3ee3663 000000000000000d
0x0000700007934a40:   0000700007934a60 0000000104167780
0x0000700007934a50:   0000000000000001 0000700007934b08
0x0000700007934a60:   0000700007934ad0 000000010414c1f3
0x0000700007934a70:   0000700007934aa0 00007fed3ee36420
0x0000700007934a80:   0000000e00000032 f000100a01934b08
0x0000700007934a90:   0000000000000000 0000000000000000
0x0000700007934aa0:   0000000000000000 0000700007934c90
0x0000700007934ab0:   000000010416ee7a 00007fed3ec28cb0
0x0000700007934ac0:   0000700007934b08 000000010417a598
0x0000700007934ad0:   0000700007934ae0 000000010414c2ec
0x0000700007934ae0:   0000700007934d00 0000000104155898
0x0000700007934af0:   00020e0500000013 00000000000f0200
0x0000700007934b00:   00007fed3ec28d30 00007fed3f861cb4
0x0000700007934b10:   00007fed000003fc 00007fed3ee101c0
0x0000700007934b20:   00007fed0000012c 0000700007934b58
0x0000700007934b30:   00007fed3ee101a0 0000000000000000
0x0000700007934b40:   00020e0500000030 00007fed0000ad80
0x0000700007934b50:   0000700007934b58 ed7f00000e000000
0x0000700007934b60:   0e000000e03fe23e 6e69666544746567
0x0000700007934b70:   0000736e6f697469 76616a4c29281100
0x0000700007934b80:   4d2f6c6974752f61 28450000003b7061
0x0000700007934b90:   752f6176616a4c29 3c70614d2f6c6974
0x0000700007934ba0:   616c2f6176616a4c 6e697274532f676e
0x0000700007934bb0:   6e657065644c3b67 766e4979636e6564
0x0000700007934bc0:   442f6e6f69737265 6f6974696e696665 

Instructions: (pc=0x00000001035b2594)
0x00000001035b2574:   40 48 48 85 c0 75 e0 30 c0 0f b6 c0 5d c3 31 c0
0x00000001035b2584:   5d c3 55 48 89 e5 53 48 83 ec 08 48 85 ff 74 24
0x00000001035b2594:   48 8b 1f 48 85 db 74 1c 48 83 fb 37 74 16 48 8b
0x00000001035b25a4:   03 48 89 df ff 50 10 84 c0 b8 00 00 00 00 48 0f 

Register to memory mapping:

RAX=0x0000000000000001 is an unknown value
RBX=0x0000700007934a8b is pointing into the stack for thread: 0x00007fed40843000
RCX=0x0000000103985360: UseMembar+0 in /Library/Java/JavaVirtualMachines/jdk1.8.0_101.jdk/Contents/Home/jre/lib/server/libjvm.dylib at 0x0000000103166000
RDX=0x0000700007934a8b is pointing into the stack for thread: 0x00007fed40843000
RSP=0x00007000079349d0 is pointing into the stack for thread: 0x00007fed40843000
RBP=0x00007000079349e0 is pointing into the stack for thread: 0x00007fed40843000
RSI=0x00007fed40843000 is a thread
RDI=0x000707fed3ee3663 is an unknown value
R8 =0x0000000000000001 is an unknown value
R9 =0x0000000000000000 is an unknown value
R10=0x0000000000000001 is an unknown value
R11=0x0000000000000002 is an unknown value
R12=0x00007fed40843000 is a thread
R13=0x000707fed3ee3663 is an unknown value
R14=0x000707fed3ee3663 is an unknown value
R15=0x00007fed3ed0f9a0 is an unknown value


Stack: [0x0000700007835000,0x0000700007935000],  sp=0x00007000079349d0,  free space=1022k
Native frames: (J=compiled Java code, j=interpreted, Vv=VM code, C=native code)
V  [libjvm.dylib+0x44c594]
V  [libjvm.dylib+0x3580d2]
C  [libjdwp.dylib+0x20780]  isMethodSynthetic+0x63
C  [libjdwp.dylib+0x51f3]  methods1+0x10b
C  [libjdwp.dylib+0x52ec]  methodsWithGeneric+0xe
C  [libjdwp.dylib+0xe898]  debugLoop_run+0x1ce
C  [libjdwp.dylib+0x1f6ba]  attachThread+0x4d
V  [libjvm.dylib+0x399438]
V  [libjvm.dylib+0x5695ab]
V  [libjvm.dylib+0x56ac98]
V  [libjvm.dylib+0x48933a]
C  [libsystem_pthread.dylib+0x393b]  _pthread_body+0xb4
C  [libsystem_pthread.dylib+0x3887]  _pthread_body+0x0
C  [libsystem_pthread.dylib+0x308d]  thread_start+0xd
C  0x0000000000000000


---------------  P R O C E S S  ---------------

Java Threads: ( => current thread )
  0x00007fed3f0c4000 JavaThread "Service Thread" daemon [_thread_blocked, id=19971, stack(0x0000700007e47000,0x0000700007f47000)]
  0x00007fed3f06b000 JavaThread "C1 CompilerThread2" daemon [_thread_blocked, id=19459, stack(0x0000700007d44000,0x0000700007e44000)]
  0x00007fed4006e800 JavaThread "C2 CompilerThread1" daemon [_thread_blocked, id=18947, stack(0x0000700007c41000,0x0000700007d41000)]
  0x00007fed40048800 JavaThread "C2 CompilerThread0" daemon [_thread_blocked, id=18435, stack(0x0000700007b3e000,0x0000700007c3e000)]
  0x00007fed40844800 JavaThread "JDWP Command Reader" daemon [_thread_in_native, id=17923, stack(0x0000700007a3b000,0x0000700007b3b000)]
  0x00007fed40844000 JavaThread "JDWP Event Helper Thread" daemon [_thread_blocked, id=17411, stack(0x0000700007938000,0x0000700007a38000)]
=>0x00007fed40843000 JavaThread "JDWP Transport Listener: dt_socket" daemon [_thread_in_vm, id=16899, stack(0x0000700007835000,0x0000700007935000)]
  0x00007fed3f80d000 JavaThread "Signal Dispatcher" daemon [_thread_blocked, id=16387, stack(0x0000700007732000,0x0000700007832000)]
  0x00007fed4002a800 JavaThread "Finalizer" daemon [_thread_blocked, id=12547, stack(0x000070000762f000,0x000070000772f000)]
  0x00007fed40836800 JavaThread "Reference Handler" daemon [_thread_blocked, id=12035, stack(0x000070000752c000,0x000070000762c000)]
  0x00007fed3f006800 JavaThread "main" [_thread_blocked, id=3587, stack(0x0000700006d91000,0x0000700006e91000)]

Other Threads:
  0x00007fed3f808800 VMThread [stack: 0x0000700007429000,0x0000700007529000] [id=11523]
  0x00007fed4006f800 WatcherThread [stack: 0x0000700007f4a000,0x000070000804a000] [id=20483]

VM state:not at safepoint (normal execution)

VM Mutex/Monitor currently owned by a thread: None

Heap:
 PSYoungGen      total 38400K, used 6676K [0x0000000795580000, 0x0000000798000000, 0x00000007c0000000)
  eden space 33280K, 20% used [0x0000000795580000,0x0000000795c052a8,0x0000000797600000)
  from space 5120K, 0% used [0x0000000797b00000,0x0000000797b00000,0x0000000798000000)
  to   space 5120K, 0% used [0x0000000797600000,0x0000000797600000,0x0000000797b00000)
 ParOldGen       total 87552K, used 0K [0x0000000740000000, 0x0000000745580000, 0x0000000795580000)
  object space 87552K, 0% used [0x0000000740000000,0x0000000740000000,0x0000000745580000)
 Metaspace       used 4376K, capacity 4908K, committed 4992K, reserved 1056768K
  class space    used 511K, capacity 576K, committed 640K, reserved 1048576K

Card table byte_map: [0x0000000104dc0000,0x00000001051c1000] byte_map_base: 0x00000001013c0000

Marking Bits: (ParMarkBitMap*) 0x0000000103a53d20
 Begin Bits: [0x000000011771c000, 0x000000011971c000)
 End Bits:   [0x000000011971c000, 0x000000011b71c000)

Polling page: 0x0000000104146000

CodeCache: size=245760Kb used=1401Kb max_used=1401Kb free=244358Kb
 bounds [0x000000010871c000, 0x000000010898c000, 0x000000011771c000]
 total_blobs=461 nmethods=210 adapters=173
 compilation: enabled

Compilation events (10 events):
Event: 33.541 Thread 0x00007fed3f06b000  210       3       jdk.internal.org.objectweb.asm.ByteVector::putUTF8 (142 bytes)
Event: 33.542 Thread 0x00007fed3f06b000 nmethod 210 0x0000000108876510 code [0x0000000108876700, 0x0000000108876f38]
Event: 33.542 Thread 0x00007fed3f06b000  206       3       jdk.internal.org.objectweb.asm.Item::<init> (66 bytes)
Event: 33.543 Thread 0x00007fed3f06b000 nmethod 206 0x0000000108877490 code [0x0000000108877600, 0x0000000108877830]
Event: 33.543 Thread 0x00007fed3f06b000  207       3       jdk.internal.org.objectweb.asm.ClassWriter::put (152 bytes)
Event: 33.543 Thread 0x00007fed3f06b000 nmethod 207 0x0000000108877910 code [0x0000000108877ae0, 0x0000000108878250]
Event: 33.543 Thread 0x00007fed3f06b000  209       3       jdk.internal.org.objectweb.asm.ByteVector::put12 (64 bytes)
Event: 33.544 Thread 0x00007fed3f06b000 nmethod 209 0x0000000108878650 code [0x00000001088787c0, 0x0000000108878a48]
Event: 33.544 Thread 0x00007fed3f06b000  208       3       sun.invoke.util.BytecodeDescriptor::unparseSig (75 bytes)
Event: 33.546 Thread 0x00007fed3f06b000 nmethod 208 0x0000000108878bd0 code [0x0000000108878e40, 0x000000010887a028]

GC Heap History (0 events):
No events

Deoptimization events (0 events):
No events

Internal exceptions (4 events):
Event: 0.062 Thread 0x00007fed3f006800 Exception <a 'java/lang/NoSuchMethodError': Method sun.misc.Unsafe.defineClass(Ljava/lang/String;[BII)Ljava/lang/Class; name or signature does not match> (0x0000000795587cc0) thrown at [/HUDSON3/workspace/8-2-build-macosx-x86_64/jdk8u101/7261/hotspot/src/
Event: 0.062 Thread 0x00007fed3f006800 Exception <a 'java/lang/NoSuchMethodError': Method sun.misc.Unsafe.prefetchRead(Ljava/lang/Object;J)V name or signature does not match> (0x0000000795587fa8) thrown at [/HUDSON3/workspace/8-2-build-macosx-x86_64/jdk8u101/7261/hotspot/src/share/vm/prims/jni
Event: 7.568 Thread 0x00007fed3f006800 Exception <a 'java/lang/NoSuchFieldError': method resolution failed> (0x0000000795a93410) thrown at [/HUDSON3/workspace/8-2-build-macosx-x86_64/jdk8u101/7261/hotspot/src/share/vm/prims/methodHandles.cpp, line 1146]
Event: 7.618 Thread 0x00007fed3f006800 Exception <a 'java/lang/NoSuchFieldError': method resolution failed> (0x0000000795aa1030) thrown at [/HUDSON3/workspace/8-2-build-macosx-x86_64/jdk8u101/7261/hotspot/src/share/vm/prims/methodHandles.cpp, line 1146]

Events (10 events):
Event: 204.712 Executing VM operation: ChangeBreakpoints
Event: 204.712 Executing VM operation: ChangeBreakpoints done
Event: 204.719 Executing VM operation: RedefineClasses
Event: 204.720 Executing VM operation: RedefineClasses done
Event: 204.721 Executing VM operation: GetOrSetLocal
Event: 204.721 Executing VM operation: GetOrSetLocal done
Event: 204.806 Executing VM operation: ChangeBreakpoints
Event: 204.806 Executing VM operation: ChangeBreakpoints done
Event: 204.809 Executing VM operation: ChangeBreakpoints
Event: 204.809 Executing VM operation: ChangeBreakpoints done


Dynamic libraries:
0x000000005c1e7000 	/System/Library/Frameworks/Cocoa.framework/Versions/A/Cocoa
0x000000005c1e7000 	/System/Library/Frameworks/Security.framework/Versions/A/Security
0x000000005c1e7000 	/System/Library/Frameworks/ApplicationServices.framework/Versions/A/ApplicationServices
0x000000005c1e7000 	/usr/lib/libz.1.dylib
0x000000005c1e7000 	/usr/lib/libSystem.B.dylib
0x000000005c1e7000 	/usr/lib/libobjc.A.dylib
0x000000005c1e7000 	/System/Library/Frameworks/CoreFoundation.framework/Versions/A/CoreFoundation
0x000000005c1e7000 	/System/Library/Frameworks/Foundation.framework/Versions/C/Foundation
0x000000005c1e7000 	/System/Library/Frameworks/AppKit.framework/Versions/C/AppKit
0x000000005c1e7000 	/System/Library/Frameworks/CoreData.framework/Versions/A/CoreData
0x000000005c1e7000 	/System/Library/PrivateFrameworks/RemoteViewServices.framework/Versions/A/RemoteViewServices
0x000000005c1e7000 	/System/Library/PrivateFrameworks/UIFoundation.framework/Versions/A/UIFoundation
0x000000005c1e7000 	/System/Library/PrivateFrameworks/DFRFoundation.framework/Versions/A/DFRFoundation
0x000000005c1e7000 	/usr/lib/libenergytrace.dylib
0x000000005c1e7000 	/System/Library/PrivateFrameworks/SkyLight.framework/Versions/A/SkyLight
0x000000005c1e7000 	/System/Library/Frameworks/CoreGraphics.framework/Versions/A/CoreGraphics
0x000000005c1e7000 	/usr/lib/libScreenReader.dylib
0x000000005c1e7000 	/System/Library/Frameworks/Accelerate.framework/Versions/A/Accelerate
0x000000005c1e7000 	/System/Library/Frameworks/IOSurface.framework/Versions/A/IOSurface
0x000000005c1e7000 	/System/Library/Frameworks/AudioToolbox.framework/Versions/A/AudioToolbox
0x000000005c1e7000 	/System/Library/Frameworks/AudioUnit.framework/Versions/A/AudioUnit
0x000000005c1e7000 	/System/Library/PrivateFrameworks/DataDetectorsCore.framework/Versions/A/DataDetectorsCore
0x000000005c1e7000 	/System/Library/PrivateFrameworks/DesktopServicesPriv.framework/Versions/A/DesktopServicesPriv
0x000000005c1e7000 	/System/Library/Frameworks/Carbon.framework/Versions/A/Frameworks/HIToolbox.framework/Versions/A/HIToolbox
0x000000005c1e7000 	/usr/lib/libicucore.A.dylib
0x000000005c1e7000 	/System/Library/Frameworks/QuartzCore.framework/Versions/A/QuartzCore
0x000000005c1e7000 	/System/Library/Frameworks/Carbon.framework/Versions/A/Frameworks/SpeechRecognition.framework/Versions/A/SpeechRecognition
0x000000005c1e7000 	/usr/lib/libauto.dylib
0x000000005c1e7000 	/usr/lib/libxml2.2.dylib
0x000000005c1e7000 	/System/Library/PrivateFrameworks/CoreUI.framework/Versions/A/CoreUI
0x000000005c1e7000 	/System/Library/Frameworks/CoreAudio.framework/Versions/A/CoreAudio
0x000000005c1e7000 	/System/Library/Frameworks/DiskArbitration.framework/Versions/A/DiskArbitration
0x000000005c1e7000 	/usr/lib/liblangid.dylib
0x000000005c1e7000 	/System/Library/PrivateFrameworks/MultitouchSupport.framework/Versions/A/MultitouchSupport
0x000000005c1e7000 	/System/Library/Frameworks/IOKit.framework/Versions/A/IOKit
0x000000005c1e7000 	/usr/lib/libDiagnosticMessagesClient.dylib
0x000000005c1e7000 	/System/Library/Frameworks/CoreServices.framework/Versions/A/CoreServices
0x000000005c1e7000 	/System/Library/PrivateFrameworks/PerformanceAnalysis.framework/Versions/A/PerformanceAnalysis
0x000000005c1e7000 	/System/Library/PrivateFrameworks/GenerationalStorage.framework/Versions/A/GenerationalStorage
0x000000005c1e7000 	/System/Library/Frameworks/OpenGL.framework/Versions/A/OpenGL
0x000000005c1e7000 	/System/Library/Frameworks/CoreImage.framework/Versions/A/CoreImage
0x000000005c1e7000 	/System/Library/Frameworks/CoreText.framework/Versions/A/CoreText
0x000000005c1e7000 	/System/Library/Frameworks/ImageIO.framework/Versions/A/ImageIO
0x000000005c1e7000 	/System/Library/PrivateFrameworks/Backup.framework/Versions/A/Backup
0x000000005c1e7000 	/usr/lib/libarchive.2.dylib
0x000000005c1e7000 	/System/Library/Frameworks/CFNetwork.framework/Versions/A/CFNetwork
0x000000005c1e7000 	/System/Library/Frameworks/SystemConfiguration.framework/Versions/A/SystemConfiguration
0x000000005c1e7000 	/usr/lib/libCRFSuite.dylib
0x000000005c1e7000 	/usr/lib/libc++.1.dylib
0x000000005c1e7000 	/usr/lib/libc++abi.dylib
0x000000005c1e7000 	/usr/lib/system/libcache.dylib
0x000000005c1e7000 	/usr/lib/system/libcommonCrypto.dylib
0x000000005c1e7000 	/usr/lib/system/libcompiler_rt.dylib
0x000000005c1e7000 	/usr/lib/system/libcopyfile.dylib
0x000000005c1e7000 	/usr/lib/system/libcorecrypto.dylib
0x000000005c1e7000 	/usr/lib/system/libdispatch.dylib
0x000000005c1e7000 	/usr/lib/system/libdyld.dylib
0x000000005c1e7000 	/usr/lib/system/libkeymgr.dylib
0x000000005c1e7000 	/usr/lib/system/liblaunch.dylib
0x000000005c1e7000 	/usr/lib/system/libmacho.dylib
0x000000005c1e7000 	/usr/lib/system/libquarantine.dylib
0x000000005c1e7000 	/usr/lib/system/libremovefile.dylib
0x000000005c1e7000 	/usr/lib/system/libsystem_asl.dylib
0x000000005c1e7000 	/usr/lib/system/libsystem_blocks.dylib
0x000000005c1e7000 	/usr/lib/system/libsystem_c.dylib
0x000000005c1e7000 	/usr/lib/system/libsystem_configuration.dylib
0x000000005c1e7000 	/usr/lib/system/libsystem_coreservices.dylib
0x000000005c1e7000 	/usr/lib/system/libsystem_coretls.dylib
0x000000005c1e7000 	/usr/lib/system/libsystem_dnssd.dylib
0x000000005c1e7000 	/usr/lib/system/libsystem_info.dylib
0x000000005c1e7000 	/usr/lib/system/libsystem_kernel.dylib
0x000000005c1e7000 	/usr/lib/system/libsystem_m.dylib
0x000000005c1e7000 	/usr/lib/system/libsystem_malloc.dylib
0x000000005c1e7000 	/usr/lib/system/libsystem_network.dylib
0x000000005c1e7000 	/usr/lib/system/libsystem_networkextension.dylib
0x000000005c1e7000 	/usr/lib/system/libsystem_notify.dylib
0x000000005c1e7000 	/usr/lib/system/libsystem_platform.dylib
0x000000005c1e7000 	/usr/lib/system/libsystem_pthread.dylib
0x000000005c1e7000 	/usr/lib/system/libsystem_sandbox.dylib
0x000000005c1e7000 	/usr/lib/system/libsystem_secinit.dylib
0x000000005c1e7000 	/usr/lib/system/libsystem_symptoms.dylib
0x000000005c1e7000 	/usr/lib/system/libsystem_trace.dylib
0x000000005c1e7000 	/usr/lib/system/libunwind.dylib
0x000000005c1e7000 	/usr/lib/system/libxpc.dylib
0x000000005c1e7000 	/usr/lib/libbsm.0.dylib
0x000000005c1e7000 	/usr/lib/system/libkxld.dylib
0x000000005c1e7000 	/usr/lib/libcoretls.dylib
0x000000005c1e7000 	/usr/lib/libcoretls_cfhelpers.dylib
0x000000005c1e7000 	/usr/lib/libOpenScriptingUtil.dylib
0x000000005c1e7000 	/usr/lib/libpam.2.dylib
0x000000005c1e7000 	/usr/lib/libsqlite3.dylib
0x000000005c1e7000 	/usr/lib/libxar.1.dylib
0x000000005c1e7000 	/usr/lib/libbz2.1.0.dylib
0x000000005c1e7000 	/usr/lib/liblzma.5.dylib
0x000000005c1e7000 	/usr/lib/libnetwork.dylib
0x000000005c1e7000 	/usr/lib/libpcap.A.dylib
0x000000005c1e7000 	/System/Library/Frameworks/CoreServices.framework/Versions/A/Frameworks/FSEvents.framework/Versions/A/FSEvents
0x000000005c1e7000 	/System/Library/Frameworks/CoreServices.framework/Versions/A/Frameworks/CarbonCore.framework/Versions/A/CarbonCore
0x000000005c1e7000 	/System/Library/Frameworks/CoreServices.framework/Versions/A/Frameworks/Metadata.framework/Versions/A/Metadata
0x000000005c1e7000 	/System/Library/Frameworks/CoreServices.framework/Versions/A/Frameworks/OSServices.framework/Versions/A/OSServices
0x000000005c1e7000 	/System/Library/Frameworks/CoreServices.framework/Versions/A/Frameworks/SearchKit.framework/Versions/A/SearchKit
0x000000005c1e7000 	/System/Library/Frameworks/CoreServices.framework/Versions/A/Frameworks/AE.framework/Versions/A/AE
0x000000005c1e7000 	/System/Library/Frameworks/CoreServices.framework/Versions/A/Frameworks/LaunchServices.framework/Versions/A/LaunchServices
0x000000005c1e7000 	/System/Library/Frameworks/CoreServices.framework/Versions/A/Frameworks/DictionaryServices.framework/Versions/A/DictionaryServices
0x000000005c1e7000 	/System/Library/Frameworks/CoreServices.framework/Versions/A/Frameworks/SharedFileList.framework/Versions/A/SharedFileList
0x000000005c1e7000 	/System/Library/Frameworks/NetFS.framework/Versions/A/NetFS
0x000000005c1e7000 	/System/Library/PrivateFrameworks/NetAuth.framework/Versions/A/NetAuth
0x000000005c1e7000 	/System/Library/PrivateFrameworks/login.framework/Versions/A/Frameworks/loginsupport.framework/Versions/A/loginsupport
0x000000005c1e7000 	/System/Library/PrivateFrameworks/TCC.framework/Versions/A/TCC
0x000000005c1e7000 	/usr/lib/libmecabra.dylib
0x000000005c1e7000 	/System/Library/Frameworks/ApplicationServices.framework/Versions/A/Frameworks/ATS.framework/Versions/A/ATS
0x000000005c1e7000 	/System/Library/Frameworks/ApplicationServices.framework/Versions/A/Frameworks/ColorSync.framework/Versions/A/ColorSync
0x000000005c1e7000 	/System/Library/Frameworks/ApplicationServices.framework/Versions/A/Frameworks/HIServices.framework/Versions/A/HIServices
0x000000005c1e7000 	/System/Library/Frameworks/ApplicationServices.framework/Versions/A/Frameworks/LangAnalysis.framework/Versions/A/LangAnalysis
0x000000005c1e7000 	/System/Library/Frameworks/ApplicationServices.framework/Versions/A/Frameworks/PrintCore.framework/Versions/A/PrintCore
0x000000005c1e7000 	/System/Library/Frameworks/ApplicationServices.framework/Versions/A/Frameworks/QD.framework/Versions/A/QD
0x000000005c1e7000 	/System/Library/Frameworks/ApplicationServices.framework/Versions/A/Frameworks/SpeechSynthesis.framework/Versions/A/SpeechSynthesis
0x000000005c1e7000 	/System/Library/Frameworks/Accelerate.framework/Versions/A/Frameworks/vImage.framework/Versions/A/vImage
0x000000005c1e7000 	/System/Library/Frameworks/Accelerate.framework/Versions/A/Frameworks/vecLib.framework/Versions/A/vecLib
0x000000005c1e7000 	/System/Library/Frameworks/Accelerate.framework/Versions/A/Frameworks/vecLib.framework/Versions/A/libvDSP.dylib
0x000000005c1e7000 	/System/Library/Frameworks/Accelerate.framework/Versions/A/Frameworks/vecLib.framework/Versions/A/libBNNS.dylib
0x000000005c1e7000 	/System/Library/Frameworks/Accelerate.framework/Versions/A/Frameworks/vecLib.framework/Versions/A/libQuadrature.dylib
0x000000005c1e7000 	/System/Library/Frameworks/Accelerate.framework/Versions/A/Frameworks/vecLib.framework/Versions/A/libvMisc.dylib
0x000000005c1e7000 	/System/Library/Frameworks/Accelerate.framework/Versions/A/Frameworks/vecLib.framework/Versions/A/libLAPACK.dylib
0x000000005c1e7000 	/System/Library/Frameworks/Accelerate.framework/Versions/A/Frameworks/vecLib.framework/Versions/A/libBLAS.dylib
0x000000005c1e7000 	/System/Library/Frameworks/Accelerate.framework/Versions/A/Frameworks/vecLib.framework/Versions/A/libLinearAlgebra.dylib
0x000000005c1e7000 	/System/Library/Frameworks/Accelerate.framework/Versions/A/Frameworks/vecLib.framework/Versions/A/libSparseBLAS.dylib
0x000000005c1e7000 	/System/Library/Frameworks/ApplicationServices.framework/Versions/A/Frameworks/ATS.framework/Versions/A/Resources/libFontParser.dylib
0x000000005c1e7000 	/System/Library/Frameworks/ApplicationServices.framework/Versions/A/Frameworks/ATS.framework/Versions/A/Resources/libFontRegistry.dylib
0x000000005c1e7000 	/System/Library/Frameworks/ImageIO.framework/Versions/A/Resources/libJPEG.dylib
0x000000005c1e7000 	/System/Library/Frameworks/ImageIO.framework/Versions/A/Resources/libTIFF.dylib
0x000000005c1e7000 	/System/Library/Frameworks/ImageIO.framework/Versions/A/Resources/libPng.dylib
0x000000005c1e7000 	/System/Library/Frameworks/ImageIO.framework/Versions/A/Resources/libGIF.dylib
0x000000005c1e7000 	/System/Library/Frameworks/ImageIO.framework/Versions/A/Resources/libJP2.dylib
0x000000005c1e7000 	/System/Library/Frameworks/ImageIO.framework/Versions/A/Resources/libRadiance.dylib
0x000000005c1e7000 	/usr/lib/libcompression.dylib
0x000000005c1e7000 	/System/Library/PrivateFrameworks/AppleJPEG.framework/Versions/A/AppleJPEG
0x000000005c1e7000 	/usr/lib/libcups.2.dylib
0x000000005c1e7000 	/System/Library/Frameworks/Kerberos.framework/Versions/A/Kerberos
0x000000005c1e7000 	/System/Library/Frameworks/GSS.framework/Versions/A/GSS
0x000000005c1e7000 	/usr/lib/libresolv.9.dylib
0x000000005c1e7000 	/usr/lib/libiconv.2.dylib
0x000000005c1e7000 	/System/Library/PrivateFrameworks/Heimdal.framework/Versions/A/Heimdal
0x000000005c1e7000 	/usr/lib/libheimdal-asn1.dylib
0x000000005c1e7000 	/System/Library/Frameworks/OpenDirectory.framework/Versions/A/OpenDirectory
0x000000005c1e7000 	/System/Library/PrivateFrameworks/CommonAuth.framework/Versions/A/CommonAuth
0x000000005c1e7000 	/System/Library/Frameworks/OpenDirectory.framework/Versions/A/Frameworks/CFOpenDirectory.framework/Versions/A/CFOpenDirectory
0x000000005c1e7000 	/System/Library/Frameworks/SecurityFoundation.framework/Versions/A/SecurityFoundation
0x000000005c1e7000 	/System/Library/PrivateFrameworks/LanguageModeling.framework/Versions/A/LanguageModeling
0x000000005c1e7000 	/usr/lib/libmarisa.dylib
0x000000005c1e7000 	/usr/lib/libChineseTokenizer.dylib
0x000000005c1e7000 	/usr/lib/libcmph.dylib
0x000000005c1e7000 	/System/Library/PrivateFrameworks/CoreEmoji.framework/Versions/A/CoreEmoji
0x000000005c1e7000 	/System/Library/Frameworks/ServiceManagement.framework/Versions/A/ServiceManagement
0x000000005c1e7000 	/usr/lib/libxslt.1.dylib
0x000000005c1e7000 	/System/Library/Frameworks/Carbon.framework/Versions/A/Frameworks/Ink.framework/Versions/A/Ink
0x000000005c1e7000 	/System/Library/PrivateFrameworks/TextureIO.framework/Versions/A/TextureIO
0x000000005c1e7000 	/System/Library/Frameworks/Metal.framework/Versions/A/Metal
0x000000005c1e7000 	/usr/lib/libate.dylib
0x000000005c1e7000 	/System/Library/PrivateFrameworks/GPUCompiler.framework/libmetal_timestamp.dylib
0x000000005c1e7000 	/System/Library/Frameworks/OpenGL.framework/Versions/A/Libraries/libCoreFSCache.dylib
0x000000005c1e7000 	/System/Library/PrivateFrameworks/IOAccelerator.framework/Versions/A/IOAccelerator
0x000000005c1e7000 	/System/Library/Frameworks/CoreVideo.framework/Versions/A/CoreVideo
0x000000005c1e7000 	/usr/lib/libFosl_dynamic.dylib
0x000000005c1e7000 	/System/Library/PrivateFrameworks/MetalPerformanceShaders.framework/Versions/A/MetalPerformanceShaders
0x000000005c1e7000 	/System/Library/PrivateFrameworks/FaceCore.framework/Versions/A/FaceCore
0x000000005c1e7000 	/System/Library/Frameworks/OpenCL.framework/Versions/A/OpenCL
0x000000005c1e7000 	/System/Library/Frameworks/OpenGL.framework/Versions/A/Libraries/libGLU.dylib
0x000000005c1e7000 	/System/Library/Frameworks/OpenGL.framework/Versions/A/Libraries/libGFXShared.dylib
0x000000005c1e7000 	/System/Library/Frameworks/OpenGL.framework/Versions/A/Libraries/libGL.dylib
0x000000005c1e7000 	/System/Library/Frameworks/OpenGL.framework/Versions/A/Libraries/libGLImage.dylib
0x000000005c1e7000 	/System/Library/Frameworks/OpenGL.framework/Versions/A/Libraries/libCVMSPluginSupport.dylib
0x000000005c1e7000 	/System/Library/Frameworks/OpenGL.framework/Versions/A/Libraries/libCoreVMClient.dylib
0x000000005c1e7000 	/System/Library/PrivateFrameworks/CrashReporterSupport.framework/Versions/A/CrashReporterSupport
0x000000005c1e7000 	/System/Library/PrivateFrameworks/Sharing.framework/Versions/A/Sharing
0x000000005c1e7000 	/System/Library/PrivateFrameworks/IconServices.framework/Versions/A/IconServices
0x000000005c1e7000 	/System/Library/PrivateFrameworks/ProtocolBuffer.framework/Versions/A/ProtocolBuffer
0x000000005c1e7000 	/System/Library/PrivateFrameworks/Apple80211.framework/Versions/A/Apple80211
0x000000005c1e7000 	/System/Library/Frameworks/CoreWLAN.framework/Versions/A/CoreWLAN
0x000000005c1e7000 	/System/Library/PrivateFrameworks/CoreUtils.framework/Versions/A/CoreUtils
0x000000005c1e7000 	/System/Library/Frameworks/IOBluetooth.framework/Versions/A/IOBluetooth
0x000000005c1e7000 	/System/Library/PrivateFrameworks/CoreWiFi.framework/Versions/A/CoreWiFi
0x000000005c1e7000 	/System/Library/Frameworks/CoreBluetooth.framework/Versions/A/CoreBluetooth
0x000000005c1e7000 	/System/Library/Frameworks/CoreDisplay.framework/Versions/A/CoreDisplay
0x000000005c1e7000 	/System/Library/PrivateFrameworks/IOPresentment.framework/Versions/A/IOPresentment
0x000000005c1e7000 	/System/Library/PrivateFrameworks/DSExternalDisplay.framework/Versions/A/DSExternalDisplay
0x000000005c1e7000 	/System/Library/PrivateFrameworks/DebugSymbols.framework/Versions/A/DebugSymbols
0x000000005c1e7000 	/System/Library/PrivateFrameworks/CoreSymbolication.framework/Versions/A/CoreSymbolication
0x000000005c1e7000 	/System/Library/PrivateFrameworks/Symbolication.framework/Versions/A/Symbolication
0x000000005c1e7000 	/System/Library/PrivateFrameworks/AppleFSCompression.framework/Versions/A/AppleFSCompression
0x000000005c1e7000 	/System/Library/PrivateFrameworks/SpeechRecognitionCore.framework/Versions/A/SpeechRecognitionCore
0x000000005c1e7000 	/System/Library/PrivateFrameworks/ChunkingLibrary.framework/Versions/A/ChunkingLibrary
0x0000000103166000 	/Library/Java/JavaVirtualMachines/jdk1.8.0_101.jdk/Contents/Home/jre/lib/server/libjvm.dylib
0x000000005c1e7000 	/usr/lib/libstdc++.6.dylib
0x0000000104103000 	/Library/Java/JavaVirtualMachines/jdk1.8.0_101.jdk/Contents/Home/jre/lib/libverify.dylib
0x0000000104111000 	/Library/Java/JavaVirtualMachines/jdk1.8.0_101.jdk/Contents/Home/jre/lib/libjava.dylib
0x0000000104147000 	/Library/Java/JavaVirtualMachines/jdk1.8.0_101.jdk/Contents/Home/jre/lib/libjdwp.dylib
0x0000000104192000 	/Library/Java/JavaVirtualMachines/jdk1.8.0_101.jdk/Contents/Home/jre/lib/libnpt.dylib
0x0000000104196000 	/Library/Java/JavaVirtualMachines/jdk1.8.0_101.jdk/Contents/Home/jre/lib/libinstrument.dylib
0x00000001041f4000 	/Library/Java/JavaVirtualMachines/jdk1.8.0_101.jdk/Contents/Home/jre/lib/libzip.dylib
0x000000010733b000 	/System/Library/Frameworks/JavaVM.framework/Frameworks/JavaRuntimeSupport.framework/JavaRuntimeSupport
0x0000000107355000 	/System/Library/Frameworks/JavaVM.framework/Versions/A/Frameworks/JavaNativeFoundation.framework/Versions/A/JavaNativeFoundation
0x000000010736a000 	/System/Library/Frameworks/JavaVM.framework/Versions/A/JavaVM
0x000000005c1e7000 	/System/Library/Frameworks/Carbon.framework/Versions/A/Carbon
0x0000000107377000 	/System/Library/PrivateFrameworks/JavaLaunching.framework/Versions/A/JavaLaunching
0x000000005c1e7000 	/System/Library/Frameworks/Carbon.framework/Versions/A/Frameworks/CommonPanels.framework/Versions/A/CommonPanels
0x000000005c1e7000 	/System/Library/Frameworks/Carbon.framework/Versions/A/Frameworks/Help.framework/Versions/A/Help
0x000000005c1e7000 	/System/Library/Frameworks/Carbon.framework/Versions/A/Frameworks/ImageCapture.framework/Versions/A/ImageCapture
0x000000005c1e7000 	/System/Library/Frameworks/Carbon.framework/Versions/A/Frameworks/OpenScripting.framework/Versions/A/OpenScripting
0x000000005c1e7000 	/System/Library/Frameworks/Carbon.framework/Versions/A/Frameworks/Print.framework/Versions/A/Print
0x000000005c1e7000 	/System/Library/Frameworks/Carbon.framework/Versions/A/Frameworks/SecurityHI.framework/Versions/A/SecurityHI
0x00000001073cb000 	/Library/Java/JavaVirtualMachines/jdk1.8.0_101.jdk/Contents/Home/jre/lib/libdt_socket.dylib

VM Arguments:
jvm_args: -agentlib:jdwp=transport=dt_socket,address=127.0.0.1:51213,suspend=y,server=n -javaagent:/Users/anakasimova/Library/Caches/IdeaIC2016.2/groovyHotSwap/gragent.jar -Dfile.encoding=UTF-8 
java_command: dependencyInversion.ApplicationContext
java_class_path (initial): /Library/Java/JavaVirtualMachines/jdk1.8.0_101.jdk/Contents/Home/jre/lib/charsets.jar:/Library/Java/JavaVirtualMachines/jdk1.8.0_101.jdk/Contents/Home/jre/lib/deploy.jar:/Library/Java/JavaVirtualMachines/jdk1.8.0_101.jdk/Contents/Home/jre/lib/ext/cldrdata.jar:/Library/Java/JavaVirtualMachines/jdk1.8.0_101.jdk/Contents/Home/jre/lib/ext/dnsns.jar:/Library/Java/JavaVirtualMachines/jdk1.8.0_101.jdk/Contents/Home/jre/lib/ext/jaccess.jar:/Library/Java/JavaVirtualMachines/jdk1.8.0_101.jdk/Contents/Home/jre/lib/ext/jfxrt.jar:/Library/Java/JavaVirtualMachines/jdk1.8.0_101.jdk/Contents/Home/jre/lib/ext/localedata.jar:/Library/Java/JavaVirtualMachines/jdk1.8.0_101.jdk/Contents/Home/jre/lib/ext/nashorn.jar:/Library/Java/JavaVirtualMachines/jdk1.8.0_101.jdk/Contents/Home/jre/lib/ext/sunec.jar:/Library/Java/JavaVirtualMachines/jdk1.8.0_101.jdk/Contents/Home/jre/lib/ext/sunjce_provider.jar:/Library/Java/JavaVirtualMachines/jdk1.8.0_101.jdk/Contents/Home/jre/lib/ext/sunpkcs11.jar:/Library/Java/JavaVirtualMachines/jdk1.8.0_101.jdk/Contents/Home/jre/lib/ext/zipfs.jar:/Library/Java/JavaVirtualMachines/jdk1.8.0_101.jdk/Contents/Home/jre/lib/javaws.jar:/Library/Java/JavaVirtualMachines/jdk1.8.0_101.jdk/Contents/Home/jre/lib/jce.jar:/Library/Java/JavaVirtualMachines/jdk1.8.0_101.jdk/Contents/Home/jre/lib/jfr.jar:/Library/Java/JavaVirtualMachines/jdk1.8.0_101.jdk/Contents/Home/jre/lib/jfxswt.jar:/Library/Java/JavaVirtualMachines/jdk1.8.0_101.jdk/Contents/Home/jre/lib/jsse.jar:/Library/Java/JavaVirtualMachines/jdk1.8.0_101.jdk/Contents/Home/jre/lib/management-agent.jar:/Library/Java/JavaVirtualMachines/jdk1.8.0_101.jdk/Contents/Home/jre/lib/plugin.jar:/Library/Java/JavaVirtualMachines/jdk1.8.0_101.jdk/Contents/Home/jre/lib/resources.jar:/Library/Java/JavaVirtualMachines/jdk1.8.0_101.jdk/Contents/Home/jre/lib/rt.jar:/Library/Java/JavaVirtualMachines/jdk1.8.0_101.jdk/Contents/Home/lib/ant-javafx.jar:/Library/Java/JavaVirtualMachines/jdk1.8.0_101.jdk/Contents/Home
Launcher Type: SUN_STANDARD

Environment Variables:
JAVA_HOME=/Library/Java/JavaVirtualMachines/jdk1.8.0_101.jdk/Contents/Home
PATH=/usr/local/bin:/usr/bin:/bin:/usr/sbin:/sbin:/usr/local/Cellar/gradle/4.8.1/bin:/Library/Frameworks/Mono.framework/Versions/Current/Commands:/Users/anakasimova/Downloads/apache-maven-3.3.9/bin::/Users/anakasimova/Documents/:/Users/anakasimova/Downloads/phantomjs-2.1.1-macosx
SHELL=/bin/bash

Signal Handlers:
SIGSEGV: [libjvm.dylib+0x5af145], sa_mask[0]=11111111011111110111111111111111, sa_flags=SA_ONSTACK|SA_RESTART|SA_SIGINFO
SIGBUS: [libjvm.dylib+0x5af145], sa_mask[0]=11111111011111110111111111111111, sa_flags=SA_RESTART|SA_SIGINFO
SIGFPE: [libjvm.dylib+0x48694c], sa_mask[0]=11111111011111110111111111111111, sa_flags=SA_RESTART|SA_SIGINFO
SIGPIPE: [libjvm.dylib+0x48694c], sa_mask[0]=11111111011111110111111111111111, sa_flags=SA_RESTART|SA_SIGINFO
SIGXFSZ: [libjvm.dylib+0x48694c], sa_mask[0]=11111111011111110111111111111111, sa_flags=SA_RESTART|SA_SIGINFO
SIGILL: [libjvm.dylib+0x48694c], sa_mask[0]=11111111011111110111111111111111, sa_flags=SA_RESTART|SA_SIGINFO
SIGUSR1: SIG_DFL, sa_mask[0]=00000000000000000000000000000000, sa_flags=none
SIGUSR2: [libjvm.dylib+0x48646a], sa_mask[0]=00100000000000000000000000000000, sa_flags=SA_RESTART|SA_SIGINFO
SIGHUP: [libjvm.dylib+0x484a41], sa_mask[0]=11111111011111110111111111111111, sa_flags=SA_RESTART|SA_SIGINFO
SIGINT: [libjvm.dylib+0x484a41], sa_mask[0]=11111111011111110111111111111111, sa_flags=SA_RESTART|SA_SIGINFO
SIGTERM: [libjvm.dylib+0x484a41], sa_mask[0]=11111111011111110111111111111111, sa_flags=SA_RESTART|SA_SIGINFO
SIGQUIT: [libjvm.dylib+0x484a41], sa_mask[0]=11111111011111110111111111111111, sa_flags=SA_RESTART|SA_SIGINFO


---------------  S Y S T E M  ---------------

OS:Bsduname:Darwin 16.7.0 Darwin Kernel Version 16.7.0: Thu Jun 15 17:36:27 PDT 2017; root:xnu-3789.70.16~2/RELEASE_X86_64 x86_64
rlimit: STACK 8192k, CORE 0k, NPROC 709, NOFILE 10240, AS infinity
load average:4.33 3.82 3.77

CPU:total 4 (2 cores per cpu, 2 threads per core) family 6 model 61 stepping 4, cmov, cx8, fxsr, mmx, sse, sse2, sse3, ssse3, sse4.1, sse4.2, popcnt, avx, avx2, aes, clmul, erms, 3dnowpref, lzcnt, ht, tsc, tscinvbit, bmi1, bmi2, adx

Memory: 4k page, physical 8388608k(254440k free)

/proc/meminfo:


vm_info: Java HotSpot(TM) 64-Bit Server VM (25.101-b13) for bsd-amd64 JRE (1.8.0_101-b13), built on Jun 22 2016 02:42:15 by "java_re" with gcc 4.2.1 (Based on Apple Inc. build 5658) (LLVM build 2336.11.00)

time: Thu Jul 26 17:33:55 2018
elapsed time: 204 seconds (0d 0h 3m 24s)

